<?xml version="1.0" encoding="UTF-8"?>
<!-- Generated by org.testng.reporters.JUnitXMLReporter -->
<testsuite ignored="2" hostname="Bingi-PC" failures="0" tests="1" name="Default test" time="0.127" errors="0" timestamp="2024-05-08T13:20:39 IST">
  <testcase classname="StringPrograms.StringDifferentPrints" name="pattern3" time="0.024"/>
  <testcase classname="StringPrograms.StringDifferentPrints" name="pattern1" time="0.0">
    <ignored/>
  </testcase> <!-- pattern1 -->
  <testcase classname="StringPrograms.StringDifferentPrints" name="pattern2" time="0.0">
    <ignored/>
  </testcase> <!-- pattern2 -->
</testsuite> <!-- Default test -->
